GROUP,PACKAGE,CLASS,INSTRUCTION_MISSED,INSTRUCTION_COVERED,BRANCH_MISSED,BRANCH_COVERED,LINE_MISSED,LINE_COVERED,COMPLEXITY_MISSED,COMPLEXITY_COVERED,METHOD_MISSED,METHOD_COVERED
messageformatter,com.github.mygreen.messageformatter.expression,SpelExpressionEvaluator,32,92,7,7,3,22,7,7,1,6
messageformatter,com.github.mygreen.messageformatter.expression,StaticMethodMapCreator,4,44,1,5,1,9,2,6,1,4
messageformatter,com.github.mygreen.messageformatter.expression,JexlExpressionEvaluator,28,84,5,5,3,20,5,4,1,3
messageformatter,com.github.mygreen.messageformatter.expression,ObjectCache,78,52,10,4,13,15,9,4,3,3
messageformatter,com.github.mygreen.messageformatter.expression,CustomFunctions,21,182,6,40,3,52,6,27,0,10
messageformatter,com.github.mygreen.messageformatter,StackUtils,75,70,16,12,14,16,13,8,3,4
messageformatter,com.github.mygreen.messageformatter,ParameterFormatter,16,54,2,4,6,12,2,6,0,5
messageformatter,com.github.mygreen.messageformatter,MessageFormatter,25,50,5,5,0,12,5,4,0,4
messageformatter,com.github.mygreen.messageformatter,MessageParseException,7,0,0,0,3,0,1,0,1,0
messageformatter,com.github.mygreen.messageformatter,MessageInterpolator,30,447,10,54,6,90,10,33,0,11
messageformatter,com.github.mygreen.messageformatter,MessageFormatter.Builder,8,105,0,0,2,15,1,8,1,8
messageformatter,com.github.mygreen.messageformatter.beanvalidation,CustomMessageInterpolator,31,173,5,7,5,31,6,6,1,5
